The shape Circle on position: 821;187 is out of window. 12.01.2023 11:00:37
The shape Circle on position: 863,4000000000001;223 is out of window. 12.01.2023 11:00:37
The shape Square on position: 863,4000000000001;182 is out of window. 12.01.2023 11:00:37
The shape Square on position: 863,4000000000001;157 is out of window. 12.01.2023 11:00:37
The shape Square on position: 742;334 is out of window. 12.01.2023 11:00:38
The shape Triangle on position: 291;418 is out of window. 12.01.2023 11:00:38
The shape Triangle on position: 313,12057840975683;426 is out of window. 12.01.2023 11:00:38
The shape Triangle on position: 580;514 is out of window. 12.01.2023 14:49:28
The shape Circle on position: 523;649 is out of window. 12.01.2023 14:49:28
The shape Circle on position: 184;629 is out of window. 12.01.2023 14:49:29
The shape Circle on position: 451;569 is out of window. 12.01.2023 14:49:29
The shape Triangle on position: 610;610 is out of window. 12.01.2023 14:49:29
The shape Triangle on position: 236;498 is out of window. 12.01.2023 14:49:29
The shape Square on position: 365;445 is out of window. 12.01.2023 14:49:29
The shape Square on position: 229;476 is out of window. 12.01.2023 14:49:29
The shape Square on position: 125;534 is out of window. 12.01.2023 14:49:29
The shape Triangle on position: 73;422 is out of window. 12.01.2023 14:49:29
The shape Triangle on position: 448,12057840975683;647,0323470458541 is out of window. 12.01.2023 14:49:42
The shape Circle on position: 385;644,4000000000001 is out of window. 12.01.2023 14:49:42
The shape Circle on position: 46;644,4000000000001 is out of window. 12.01.2023 14:49:42
The shape Circle on position: 313;644,4000000000001 is out of window. 12.01.2023 14:49:42
The shape Triangle on position: 448,12057840975683;647,0323470458541 is out of window. 12.01.2023 14:49:42
The shape Triangle on position: 206;653,0323470458541 is out of window. 12.01.2023 14:49:42
The shape Square on position: 227;644,4000000000001 is out of window. 12.01.2023 14:49:42
The shape Square on position: 91;644,4000000000001 is out of window. 12.01.2023 14:49:42
The shape Square on position: 1103;644,4000000000001 is out of window. 12.01.2023 14:49:42
The shape Triangle on position: 1051;653,0323470458541 is out of window. 12.01.2023 14:49:42
The shape Triangle on position: 1162;347 is out of window. 12.01.2023 14:49:42
The shape Triangle on position: 908;447 is out of window. 12.01.2023 14:49:42
The shape Triangle on position: 944;639 is out of window. 12.01.2023 14:49:42
The shape Circle on position: 1208;331 is out of window. 12.01.2023 14:49:42
The shape Circle on position: 815;527 is out of window. 12.01.2023 14:49:42
The shape Circle on position: 688;576 is out of window. 12.01.2023 14:49:42
The shape Circle on position: 1054;629 is out of window. 12.01.2023 14:49:42
The shape Square on position: 295;359 is out of window. 12.01.2023 14:49:42
The shape Square on position: 557;412 is out of window. 12.01.2023 14:49:42
The shape Triangle on position: 965;152 is out of window. 12.01.2023 14:50:14
The shape Triangle on position: 1046;173 is out of window. 12.01.2023 14:50:14
The shape Circle on position: 1142;128 is out of window. 12.01.2023 14:50:14
The shape Circle on position: 1103;4 is out of window. 12.01.2023 14:50:14
The shape Square on position: 999;7 is out of window. 12.01.2023 14:50:14
The shape Square on position: 1135;122 is out of window. 12.01.2023 14:50:14
The shape Triangle on position: 719;37 is out of window. 12.01.2023 14:50:14
The shape Triangle on position: 1028;163 is out of window. 12.01.2023 14:50:14
The shape Circle on position: 827;345 is out of window. 12.01.2023 14:50:14
The shape Square on position: 1114;306 is out of window. 12.01.2023 14:50:14
The shape Square on position: 1191;148 is out of window. 12.01.2023 14:50:14
The shape Circle on position: 479;394 is out of window. 12.01.2023 14:50:14
The shape Triangle on position: 503;182 is out of window. 12.01.2023 16:07:15
The shape Triangle on position: 899;464 is out of window. 23.01.2023 10:19:07
The shape Triangle on position: 818;443 is out of window. 23.01.2023 10:19:07
The shape Circle on position: 842;620 is out of window. 23.01.2023 10:19:07
The shape Circle on position: 881;610 is out of window. 23.01.2023 10:19:07
The shape Square on position: 987;619 is out of window. 23.01.2023 10:19:07
The shape Square on position: 853;494 is out of window. 23.01.2023 10:19:07
The shape Triangle on position: 107;577 is out of window. 23.01.2023 10:19:07
The shape Square on position: 874;306 is out of window. 23.01.2023 10:19:07
The shape Square on position: 795;466 is out of window. 23.01.2023 10:19:07
The shape Triangle on position: 511,5205784097568;287 is out of window. 23.01.2023 10:19:23
The shape Triangle on position: 511,5205784097568;308 is out of window. 23.01.2023 10:19:23
The shape Triangle on position: 608;295 is out of window. 23.01.2023 10:19:23
The shape Circle on position: 515;447 is out of window. 23.01.2023 10:19:23
The shape Circle on position: 139;461 is out of window. 23.01.2023 10:19:23
The shape Square on position: 443,80000000000007;483 is out of window. 23.01.2023 10:19:23
The shape Circle on position: 500;427,80000000000007 is out of window. 23.01.2023 10:19:25
The shape Circle on position: 124;397,80000000000007 is out of window. 23.01.2023 10:19:26
The shape Square on position: 458,80000000000007;427,80000000000007 is out of window. 23.01.2023 10:19:26
The shape Circle on position: 149;418 is out of window. 23.01.2023 10:19:26
The shape Circle on position: 485;343,4 is out of window. 23.01.2023 10:19:26
The shape Circle on position: 109;343,4 is out of window. 23.01.2023 10:19:26
The shape Square on position: 473,80000000000007;343,4 is out of window. 23.01.2023 10:19:26
The shape Circle on position: 134;343,4 is out of window. 23.01.2023 10:19:26
The shape Triangle on position: 644;473 is out of window. 23.01.2023 10:57:08
The shape Triangle on position: 476;641 is out of window. 23.01.2023 11:04:49
The shape Triangle on position: 557;662 is out of window. 23.01.2023 11:04:49
The shape Circle on position: 653;365 is out of window. 23.01.2023 11:04:49
The shape Circle on position: 614;493 is out of window. 23.01.2023 11:04:49
The shape Square on position: 510;484 is out of window. 23.01.2023 11:04:49
The shape Square on position: 646;611 is out of window. 23.01.2023 11:04:49
The shape Triangle on position: 1208;526 is out of window. 23.01.2023 11:04:49
The shape Triangle on position: 959;652 is out of window. 23.01.2023 11:04:49
The shape Circle on position: 1280;528 is out of window. 23.01.2023 11:04:49
The shape Circle on position: 940;614 is out of window. 23.01.2023 11:04:49
The shape Square on position: 625;567 is out of window. 23.01.2023 11:04:50
The shape Square on position: 702;637 is out of window. 23.01.2023 11:04:50
The shape Circle on position: 968;481 is out of window. 23.01.2023 11:04:50
The shape Triangle on position: 476;641 is out of window. 23.01.2023 11:05:18
The shape Triangle on position: 557;662 is out of window. 23.01.2023 11:05:18
The shape Circle on position: 653;365 is out of window. 23.01.2023 11:05:18
The shape Circle on position: 614;493 is out of window. 23.01.2023 11:05:18
The shape Square on position: 510;484 is out of window. 23.01.2023 11:05:18
The shape Square on position: 646;611 is out of window. 23.01.2023 11:05:18
The shape Triangle on position: 1208;526 is out of window. 23.01.2023 11:05:18
The shape Triangle on position: 959;652 is out of window. 23.01.2023 11:05:18
The shape Circle on position: 1280;528 is out of window. 23.01.2023 11:05:18
The shape Circle on position: 940;614 is out of window. 23.01.2023 11:05:18
The shape Square on position: 625;567 is out of window. 23.01.2023 11:05:18
The shape Square on position: 702;637 is out of window. 23.01.2023 11:05:19
The shape Circle on position: 968;481 is out of window. 23.01.2023 11:05:19
The shape Triangle on position: 744;244 is out of window. 23.01.2023 11:06:28
The shape Circle on position: 665;53 is out of window. 23.01.2023 11:06:28
The shape Circle on position: 899;593 is out of window. 23.01.2023 11:06:28
The shape Circle on position: 131;556 is out of window. 23.01.2023 11:06:28
The shape Square on position: 893;563 is out of window. 23.01.2023 11:06:28
The shape Square on position: 869;676 is out of window. 23.01.2023 11:06:28
The shape Triangle on position: 476;641 is out of window. 23.01.2023 11:12:04
The shape Triangle on position: 557;662 is out of window. 23.01.2023 11:12:04
The shape Circle on position: 653;365 is out of window. 23.01.2023 11:12:04
The shape Circle on position: 614;493 is out of window. 23.01.2023 11:12:04
The shape Square on position: 510;484 is out of window. 23.01.2023 11:12:04
The shape Square on position: 646;611 is out of window. 23.01.2023 11:12:04
The shape Triangle on position: 1208;526 is out of window. 23.01.2023 11:12:04
The shape Triangle on position: 959;652 is out of window. 23.01.2023 11:12:05
The shape Circle on position: 1280;528 is out of window. 23.01.2023 11:12:05
The shape Circle on position: 940;614 is out of window. 23.01.2023 11:12:05
The shape Square on position: 625;567 is out of window. 23.01.2023 11:12:05
The shape Square on position: 702;637 is out of window. 23.01.2023 11:12:05
The shape Circle on position: 968;481 is out of window. 23.01.2023 11:12:05
